# JRE version: Java(TM) SE Runtime Environment (8.0_121-b13) (build 1.8.0_121-b13)
# Java VM: Java HotSpot(TM) 64-Bit Server VM (25.121-b13 mixed mode windows-amd64 compressed oops)
Heap:
 PSYoungGen      total 2560K, used 940K [0x00000000eb300000, 0x00000000eb800000, 0x0000000100000000)
  eden space 1536K, 12% used [0x00000000eb300000,0x00000000eb331938,0x00000000eb480000)
  from space 1024K, 72% used [0x00000000eb480000,0x00000000eb5398c0,0x00000000eb580000)
  to   space 1024K, 0% used [0x00000000eb700000,0x00000000eb700000,0x00000000eb800000)
 ParOldGen       total 5632K, used 824K [0x00000000c1800000, 0x00000000c1d80000, 0x00000000eb300000)
  object space 5632K, 14% used [0x00000000c1800000,0x00000000c18ce378,0x00000000c1d80000)
 Metaspace       used 7253K, capacity 8148K, committed 8448K, reserved 1056768K
  class space    used 883K, capacity 912K, committed 1024K, reserved 1048576K
GC Heap History (10 events):
Event: 2.106 GC heap before
{Heap before GC invocations=3 (full 0):
 PSYoungGen      total 2048K, used 2048K [0x00000000eb300000, 0x00000000eb580000, 0x0000000100000000)
  eden space 1536K, 100% used [0x00000000eb300000,0x00000000eb480000,0x00000000eb480000)
  from space 512K, 100% used [0x00000000eb500000,0x00000000eb580000,0x00000000eb580000)
  to   space 512K, 0% used [0x00000000eb480000,0x00000000eb480000,0x00000000eb500000)
 ParOldGen       total 5632K, used 48K [0x00000000c1800000, 0x00000000c1d80000, 0x00000000eb300000)
  object space 5632K, 0% used [0x00000000c1800000,0x00000000c180c010,0x00000000c1d80000)
 Metaspace       used 4705K, capacity 5876K, committed 6016K, reserved 1056768K
  class space    used 581K, capacity 624K, committed 640K, reserved 1048576K
Event: 2.109 GC heap after
Heap after GC invocations=3 (full 0):
 PSYoungGen      total 2048K, used 496K [0x00000000eb300000, 0x00000000eb580000, 0x0000000100000000)
  eden space 1536K, 0% used [0x00000000eb300000,0x00000000eb300000,0x00000000eb480000)
  from space 512K, 96% used [0x00000000eb480000,0x00000000eb4fc020,0x00000000eb500000)
  to   space 512K, 0% used [0x00000000eb500000,0x00000000eb500000,0x00000000eb580000)
 ParOldGen       total 5632K, used 488K [0x00000000c1800000, 0x00000000c1d80000, 0x00000000eb300000)
  object space 5632K, 8% used [0x00000000c1800000,0x00000000c187a050,0x00000000c1d80000)
 Metaspace       used 4705K, capacity 5876K, committed 6016K, reserved 1056768K
  class space    used 581K, capacity 624K, committed 640K, reserved 1048576K
}
Event: 2.247 GC heap before
{Heap before GC invocations=4 (full 0):
 PSYoungGen      total 2048K, used 2031K [0x00000000eb300000, 0x00000000eb580000, 0x0000000100000000)
  eden space 1536K, 99% used [0x00000000eb300000,0x00000000eb47fe38,0x00000000eb480000)
  from space 512K, 96% used [0x00000000eb480000,0x00000000eb4fc020,0x00000000eb500000)
  to   space 512K, 0% used [0x00000000eb500000,0x00000000eb500000,0x00000000eb580000)
 ParOldGen       total 5632K, used 488K [0x00000000c1800000, 0x00000000c1d80000, 0x00000000eb300000)
  object space 5632K, 8% used [0x00000000c1800000,0x00000000c187a050,0x00000000c1d80000)
 Metaspace       used 5241K, capacity 6388K, committed 6656K, reserved 1056768K
  class space    used 639K, capacity 688K, committed 768K, reserved 1048576K
Event: 2.249 GC heap after
Heap after GC invocations=4 (full 0):
 PSYoungGen      total 2048K, used 496K [0x00000000eb300000, 0x00000000eb580000, 0x0000000100000000)
  eden space 1536K, 0% used [0x00000000eb300000,0x00000000eb300000,0x00000000eb480000)
  from space 512K, 96% used [0x00000000eb500000,0x00000000eb57c020,0x00000000eb580000)
  to   space 512K, 0% used [0x00000000eb480000,0x00000000eb480000,0x00000000eb500000)
 ParOldGen       total 5632K, used 540K [0x00000000c1800000, 0x00000000c1d80000, 0x00000000eb300000)
  object space 5632K, 9% used [0x00000000c1800000,0x00000000c1887060,0x00000000c1d80000)
 Metaspace       used 5241K, capacity 6388K, committed 6656K, reserved 1056768K
  class space    used 639K, capacity 688K, committed 768K, reserved 1048576K
}
Event: 2.764 GC heap before
{Heap before GC invocations=5 (full 0):
 PSYoungGen      total 2048K, used 2032K [0x00000000eb300000, 0x00000000eb580000, 0x0000000100000000)
  eden space 1536K, 100% used [0x00000000eb300000,0x00000000eb480000,0x00000000eb480000)
  from space 512K, 96% used [0x00000000eb500000,0x00000000eb57c020,0x00000000eb580000)
  to   space 512K, 0% used [0x00000000eb480000,0x00000000eb480000,0x00000000eb500000)
 ParOldGen       total 5632K, used 540K [0x00000000c1800000, 0x00000000c1d80000, 0x00000000eb300000)
  object space 5632K, 9% used [0x00000000c1800000,0x00000000c1887060,0x00000000c1d80000)
 Metaspace       used 5803K, capacity 6932K, committed 7296K, reserved 1056768K
  class space    used 728K, capacity 784K, committed 896K, reserved 1048576K
Event: 2.767 GC heap after
Heap after GC invocations=5 (full 0):
 PSYoungGen      total 2048K, used 480K [0x00000000eb300000, 0x00000000eb680000, 0x0000000100000000)
  eden space 1536K, 0% used [0x00000000eb300000,0x00000000eb300000,0x00000000eb480000)
  from space 512K, 93% used [0x00000000eb480000,0x00000000eb4f8010,0x00000000eb500000)
  to   space 1024K, 0% used [0x00000000eb580000,0x00000000eb580000,0x00000000eb680000)
 ParOldGen       total 5632K, used 628K [0x00000000c1800000, 0x00000000c1d80000, 0x00000000eb300000)
  object space 5632K, 11% used [0x00000000c1800000,0x00000000c189d060,0x00000000c1d80000)
 Metaspace       used 5803K, capacity 6932K, committed 7296K, reserved 1056768K
  class space    used 728K, capacity 784K, committed 896K, reserved 1048576K
}
Event: 3.274 GC heap before
{Heap before GC invocations=6 (full 0):
 PSYoungGen      total 2048K, used 2016K [0x00000000eb300000, 0x00000000eb680000, 0x0000000100000000)
  eden space 1536K, 100% used [0x00000000eb300000,0x00000000eb480000,0x00000000eb480000)
  from space 512K, 93% used [0x00000000eb480000,0x00000000eb4f8010,0x00000000eb500000)
  to   space 1024K, 0% used [0x00000000eb580000,0x00000000eb580000,0x00000000eb680000)
 ParOldGen       total 5632K, used 628K [0x00000000c1800000, 0x00000000c1d80000, 0x00000000eb300000)
  object space 5632K, 11% used [0x00000000c1800000,0x00000000c189d060,0x00000000c1d80000)
 Metaspace       used 6327K, capacity 7380K, committed 7552K, reserved 1056768K
  class space    used 793K, capacity 848K, committed 896K, reserved 1048576K
Event: 3.331 GC heap after
Heap after GC invocations=6 (full 0):
 PSYoungGen      total 2560K, used 832K [0x00000000eb300000, 0x00000000eb800000, 0x0000000100000000)
  eden space 1536K, 0% used [0x00000000eb300000,0x00000000eb300000,0x00000000eb480000)
  from space 1024K, 81% used [0x00000000eb580000,0x00000000eb650010,0x00000000eb680000)
  to   space 1024K, 0% used [0x00000000eb480000,0x00000000eb480000,0x00000000eb580000)
 ParOldGen       total 5632K, used 628K [0x00000000c1800000, 0x00000000c1d80000, 0x00000000eb300000)
  object space 5632K, 11% used [0x00000000c1800000,0x00000000c189d060,0x00000000c1d80000)
 Metaspace       used 6327K, capacity 7380K, committed 7552K, reserved 1056768K
  class space    used 793K, capacity 848K, committed 896K, reserved 1048576K
}
Event: 3.814 GC heap before
{Heap before GC invocations=7 (full 0):
 PSYoungGen      total 2560K, used 2368K [0x00000000eb300000, 0x00000000eb800000, 0x0000000100000000)
  eden space 1536K, 100% used [0x00000000eb300000,0x00000000eb480000,0x00000000eb480000)
  from space 1024K, 81% used [0x00000000eb580000,0x00000000eb650010,0x00000000eb680000)
  to   space 1024K, 0% used [0x00000000eb480000,0x00000000eb480000,0x00000000eb580000)
 ParOldGen       total 5632K, used 628K [0x00000000c1800000, 0x00000000c1d80000, 0x00000000eb300000)
  object space 5632K, 11% used [0x00000000c1800000,0x00000000c189d060,0x00000000c1d80000)
 Metaspace       used 7113K, capacity 8020K, committed 8192K, reserved 1056768K
  class space    used 880K, capacity 912K, committed 1024K, reserved 1048576K
Event: 3.846 GC heap after
Heap after GC invocations=7 (full 0):
 PSYoungGen      total 2560K, used 742K [0x00000000eb300000, 0x00000000eb800000, 0x0000000100000000)
  eden space 1536K, 0% used [0x00000000eb300000,0x00000000eb300000,0x00000000eb480000)
  from space 1024K, 72% used [0x00000000eb480000,0x00000000eb5398c0,0x00000000eb580000)
  to   space 1024K, 0% used [0x00000000eb700000,0x00000000eb700000,0x00000000eb800000)
 ParOldGen       total 5632K, used 824K [0x00000000c1800000, 0x00000000c1d80000, 0x00000000eb300000)
  object space 5632K, 14% used [0x00000000c1800000,0x00000000c18ce378,0x00000000c1d80000)
 Metaspace       used 7113K, capacity 8020K, committed 8192K, reserved 1056768K
  class space    used 880K, capacity 912K, committed 1024K, reserved 1048576K
}

